path 'sample_data', has subdirs '_sample a ac condimentum cursus dis fames gravida id integer libero mi mollis nec nulla nullam pede phasellus platea porta risus', and files 'index.html README.txt sample.xls'
path 'sample_data/_sample', has subdirs '', and files 'index.html'
path 'sample_data/_sample' has illegal chars
path 'sample_data/a', has subdirs '', and files 'index.html'
path 'sample_data/ac', has subdirs '', and files 'index.html'
path 'sample_data/condimentum', has subdirs '', and files 'index.html'
path 'sample_data/cursus', has subdirs '', and files 'index.html'
path 'sample_data/dis', has subdirs '', and files 'index.html'
path 'sample_data/fames', has subdirs '', and files 'index.html'
path 'sample_data/gravida', has subdirs '', and files 'index.html'
path 'sample_data/id', has subdirs '', and files 'index.html'
path 'sample_data/id' has illegal chars
path 'sample_data/integer', has subdirs '', and files 'index.html'
path 'sample_data/libero', has subdirs '', and files 'index.html'
path 'sample_data/mi', has subdirs '', and files 'index.html'
path 'sample_data/mollis', has subdirs '', and files 'index.html'
path 'sample_data/nec', has subdirs '', and files 'index.html'
path 'sample_data/nulla', has subdirs '', and files 'index.html'
path 'sample_data/nullam', has subdirs '', and files 'index.html'
path 'sample_data/pede', has subdirs '', and files 'index.html'
path 'sample_data/phasellus', has subdirs '', and files 'index.html'
path 'sample_data/platea', has subdirs '', and files 'index.html'
path 'sample_data/porta', has subdirs '', and files 'index.html'
path 'sample_data/risus', has subdirs '', and files 'index.html'
updating parent from '' to '/Plone'
creating parts for 'index.html'
updating parent from '/Plone' to '/Plone'
object 'index.html' does not exist inside '/Plone'
creating page 'index.html' inside parent folder '/Plone'
creating parts for 'README.txt'
updating parent from '/Plone' to '/Plone'
object 'README.txt' does not exist inside '/Plone'
creating parts for 'sample.xls'
updating parent from '/Plone' to '/Plone'
object 'sample.xls' does not exist inside '/Plone'
creating file 'sample.xls' inside parent folder '/Plone'
creating parts for 'a/index.html'
updating parent from '/Plone' to '/Plone'
object 'a' does not exist inside '/Plone'
creating folder 'a' inside parent folder '/Plone'
updating parent from '/Plone' to '/Plone/a'
object 'index.html' does not exist inside '/Plone/a'
creating page 'index.html' inside parent folder '/Plone/a'
creating parts for 'ac/index.html'
updating parent from '/Plone' to '/Plone'
object 'ac' does not exist inside '/Plone'
creating folder 'ac' inside parent folder '/Plone'
updating parent from '/Plone' to '/Plone/ac'
object 'index.html' does not exist inside '/Plone/ac'
creating page 'index.html' inside parent folder '/Plone/ac'
creating parts for 'condimentum/index.html'
updating parent from '/Plone' to '/Plone'
object 'condimentum' does not exist inside '/Plone'
creating folder 'condimentum' inside parent folder '/Plone'
updating parent from '/Plone' to '/Plone/condimentum'
object 'index.html' does not exist inside '/Plone/condimentum'
creating page 'index.html' inside parent folder '/Plone/condimentum'
creating parts for 'cursus/index.html'
updating parent from '/Plone' to '/Plone'
object 'cursus' does not exist inside '/Plone'
creating folder 'cursus' inside parent folder '/Plone'
updating parent from '/Plone' to '/Plone/cursus'
object 'index.html' does not exist inside '/Plone/cursus'
creating page 'index.html' inside parent folder '/Plone/cursus'
creating parts for 'dis/index.html'
updating parent from '/Plone' to '/Plone'
object 'dis' does not exist inside '/Plone'
creating folder 'dis' inside parent folder '/Plone'
updating parent from '/Plone' to '/Plone/dis'
object 'index.html' does not exist inside '/Plone/dis'
creating page 'index.html' inside parent folder '/Plone/dis'
creating parts for 'fames/index.html'
updating parent from '/Plone' to '/Plone'
object 'fames' does not exist inside '/Plone'
creating folder 'fames' inside parent folder '/Plone'
updating parent from '/Plone' to '/Plone/fames'
object 'index.html' does not exist inside '/Plone/fames'
creating page 'index.html' inside parent folder '/Plone/fames'
creating parts for 'gravida/index.html'
updating parent from '/Plone' to '/Plone'
object 'gravida' does not exist inside '/Plone'
creating folder 'gravida' inside parent folder '/Plone'
updating parent from '/Plone' to '/Plone/gravida'
object 'index.html' does not exist inside '/Plone/gravida'
creating page 'index.html' inside parent folder '/Plone/gravida'
creating parts for 'integer/index.html'
updating parent from '/Plone' to '/Plone'
object 'integer' does not exist inside '/Plone'
creating folder 'integer' inside parent folder '/Plone'
updating parent from '/Plone' to '/Plone/integer'
object 'index.html' does not exist inside '/Plone/integer'
creating page 'index.html' inside parent folder '/Plone/integer'
creating parts for 'libero/index.html'
updating parent from '/Plone' to '/Plone'
object 'libero' does not exist inside '/Plone'
creating folder 'libero' inside parent folder '/Plone'
updating parent from '/Plone' to '/Plone/libero'
object 'index.html' does not exist inside '/Plone/libero'
creating page 'index.html' inside parent folder '/Plone/libero'
creating parts for 'mi/index.html'
updating parent from '/Plone' to '/Plone'
object 'mi' does not exist inside '/Plone'
creating folder 'mi' inside parent folder '/Plone'
updating parent from '/Plone' to '/Plone/mi'
object 'index.html' does not exist inside '/Plone/mi'
creating page 'index.html' inside parent folder '/Plone/mi'
creating parts for 'mollis/index.html'
updating parent from '/Plone' to '/Plone'
object 'mollis' does not exist inside '/Plone'
creating folder 'mollis' inside parent folder '/Plone'
updating parent from '/Plone' to '/Plone/mollis'
object 'index.html' does not exist inside '/Plone/mollis'
creating page 'index.html' inside parent folder '/Plone/mollis'
creating parts for 'nec/index.html'
updating parent from '/Plone' to '/Plone'
object 'nec' does not exist inside '/Plone'
creating folder 'nec' inside parent folder '/Plone'
updating parent from '/Plone' to '/Plone/nec'
object 'index.html' does not exist inside '/Plone/nec'
creating page 'index.html' inside parent folder '/Plone/nec'
creating parts for 'nulla/index.html'
updating parent from '/Plone' to '/Plone'
object 'nulla' does not exist inside '/Plone'
creating folder 'nulla' inside parent folder '/Plone'
updating parent from '/Plone' to '/Plone/nulla'
object 'index.html' does not exist inside '/Plone/nulla'
creating page 'index.html' inside parent folder '/Plone/nulla'
creating parts for 'nullam/index.html'
updating parent from '/Plone' to '/Plone'
object 'nullam' does not exist inside '/Plone'
creating folder 'nullam' inside parent folder '/Plone'
updating parent from '/Plone' to '/Plone/nullam'
object 'index.html' does not exist inside '/Plone/nullam'
creating page 'index.html' inside parent folder '/Plone/nullam'
creating parts for 'pede/index.html'
updating parent from '/Plone' to '/Plone'
object 'pede' does not exist inside '/Plone'
creating folder 'pede' inside parent folder '/Plone'
updating parent from '/Plone' to '/Plone/pede'
object 'index.html' does not exist inside '/Plone/pede'
creating page 'index.html' inside parent folder '/Plone/pede'
creating parts for 'phasellus/index.html'
updating parent from '/Plone' to '/Plone'
object 'phasellus' does not exist inside '/Plone'
creating folder 'phasellus' inside parent folder '/Plone'
updating parent from '/Plone' to '/Plone/phasellus'
object 'index.html' does not exist inside '/Plone/phasellus'
creating page 'index.html' inside parent folder '/Plone/phasellus'
creating parts for 'platea/index.html'
updating parent from '/Plone' to '/Plone'
object 'platea' does not exist inside '/Plone'
creating folder 'platea' inside parent folder '/Plone'
updating parent from '/Plone' to '/Plone/platea'
object 'index.html' does not exist inside '/Plone/platea'
creating page 'index.html' inside parent folder '/Plone/platea'
creating parts for 'porta/index.html'
updating parent from '/Plone' to '/Plone'
object 'porta' does not exist inside '/Plone'
creating folder 'porta' inside parent folder '/Plone'
updating parent from '/Plone' to '/Plone/porta'
object 'index.html' does not exist inside '/Plone/porta'
creating page 'index.html' inside parent folder '/Plone/porta'
creating parts for 'risus/index.html'
updating parent from '/Plone' to '/Plone'
object 'risus' does not exist inside '/Plone'
creating folder 'risus' inside parent folder '/Plone'
updating parent from '/Plone' to '/Plone/risus'
object 'index.html' does not exist inside '/Plone/risus'
creating page 'index.html' inside parent folder '/Plone/risus'
Imported 19 folders, 0 images, 20 pages, and 1 files from: 'sample_data' to 'Plone'.
